{
  "stats": {
    "suites": 1,
    "tests": 2,
    "passes": 1,
    "pending": 0,
    "failures": 1,
    "start": "2017-10-06T10:02:03.897Z",
    "end": "2017-10-06T10:02:03.915Z",
    "duration": 18,
    "testsRegistered": 2,
    "passPercent": 50,
    "pendingPercent": 0,
    "other": 0,
    "hasOther": false,
    "skipped": 0,
    "hasSkipped": false,
    "passPercentClass": "danger",
    "pendingPercentClass": "danger"
  },
  "suites": {
    "title": "",
    "suites": [
      {
        "title": "Http",
        "suites": [],
        "tests": [
          {
            "title": "the default listening message should be \"Listening on localhost:3000...\"",
            "fullTitle": "Http the default listening message should be \"Listening on localhost:3000...\"",
            "timedOut": false,
            "duration": 3,
            "state": "failed",
            "pass": false,
            "fail": true,
            "pending": false,
            "code": "chai_1.expect(logSpy.calledOnce /*.calledWith('Listening on localhost:3000...')*/).to.be.true;",
            "err": {
              "message": "AssertionError: expected false to be true",
              "estack": "AssertionError: expected false to be true\n    at Context.<anonymous> (/Users/matthewkeil/dev/ServeRx/.build/servers/Http.spec.js:13:97)",
              "diff": "- false\n+ true\n"
            },
            "isRoot": false,
            "uuid": "2157c037-679d-4ca2-8ffe-b090b3d2c2e2",
            "parentUUID": "d781cc66-b2af-4742-b579-545f789bc2d3",
            "isHook": false,
            "skipped": false
          },
          {
            "title": "should start listening on port 3000 by default",
            "fullTitle": "Http should start listening on port 3000 by default",
            "timedOut": false,
            "duration": 0,
            "state": "passed",
            "speed": "fast",
            "pass": true,
            "fail": false,
            "pending": false,
            "code": "chai_1.expect(http.server.address().port).to.equal(3000);",
            "err": {},
            "isRoot": false,
            "uuid": "38fd38e3-37be-40c3-943f-eef51e59cc47",
            "parentUUID": "d781cc66-b2af-4742-b579-545f789bc2d3",
            "isHook": false,
            "skipped": false
          }
        ],
        "pending": [],
        "root": false,
        "_timeout": 2000,
        "file": "/Users/matthewkeil/dev/ServeRx/.build/servers/Http.spec.js",
        "uuid": "d781cc66-b2af-4742-b579-545f789bc2d3",
        "beforeHooks": [],
        "afterHooks": [],
        "fullFile": "/Users/matthewkeil/dev/ServeRx/.build/servers/Http.spec.js",
        "passes": [
          {
            "title": "should start listening on port 3000 by default",
            "fullTitle": "Http should start listening on port 3000 by default",
            "timedOut": false,
            "duration": 0,
            "state": "passed",
            "speed": "fast",
            "pass": true,
            "fail": false,
            "pending": false,
            "code": "chai_1.expect(http.server.address().port).to.equal(3000);",
            "err": {},
            "isRoot": false,
            "uuid": "38fd38e3-37be-40c3-943f-eef51e59cc47",
            "parentUUID": "d781cc66-b2af-4742-b579-545f789bc2d3",
            "isHook": false,
            "skipped": false
          }
        ],
        "failures": [
          {
            "title": "the default listening message should be \"Listening on localhost:3000...\"",
            "fullTitle": "Http the default listening message should be \"Listening on localhost:3000...\"",
            "timedOut": false,
            "duration": 3,
            "state": "failed",
            "pass": false,
            "fail": true,
            "pending": false,
            "code": "chai_1.expect(logSpy.calledOnce /*.calledWith('Listening on localhost:3000...')*/).to.be.true;",
            "err": {
              "message": "AssertionError: expected false to be true",
              "estack": "AssertionError: expected false to be true\n    at Context.<anonymous> (/Users/matthewkeil/dev/ServeRx/.build/servers/Http.spec.js:13:97)",
              "diff": "- false\n+ true\n"
            },
            "isRoot": false,
            "uuid": "2157c037-679d-4ca2-8ffe-b090b3d2c2e2",
            "parentUUID": "d781cc66-b2af-4742-b579-545f789bc2d3",
            "isHook": false,
            "skipped": false
          }
        ],
        "skipped": [],
        "hasBeforeHooks": false,
        "hasAfterHooks": false,
        "hasTests": true,
        "hasSuites": false,
        "totalTests": 2,
        "totalPasses": 1,
        "totalFailures": 1,
        "totalPending": 0,
        "totalSkipped": 0,
        "hasPasses": true,
        "hasFailures": true,
        "hasPending": false,
        "hasSkipped": false,
        "duration": 3,
        "rootEmpty": false
      }
    ],
    "tests": [],
    "pending": [],
    "root": true,
    "_timeout": 2000,
    "uuid": "02157f8b-ae26-4460-8275-53d8f866b0ee",
    "beforeHooks": [],
    "afterHooks": [],
    "fullFile": "",
    "file": "",
    "passes": [],
    "failures": [],
    "skipped": [],
    "hasBeforeHooks": false,
    "hasAfterHooks": false,
    "hasTests": false,
    "hasSuites": true,
    "totalTests": 0,
    "totalPasses": 0,
    "totalFailures": 0,
    "totalPending": 0,
    "totalSkipped": 0,
    "hasPasses": false,
    "hasFailures": false,
    "hasPending": false,
    "hasSkipped": false,
    "duration": 0,
    "rootEmpty": true
  },
  "allTests": [
    {
      "title": "the default listening message should be \"Listening on localhost:3000...\"",
      "fullTitle": "Http the default listening message should be \"Listening on localhost:3000...\"",
      "timedOut": false,
      "duration": 3,
      "state": "failed",
      "pass": false,
      "fail": true,
      "pending": false,
      "code": "chai_1.expect(logSpy.calledOnce /*.calledWith('Listening on localhost:3000...')*/).to.be.true;",
      "err": {
        "message": "AssertionError: expected false to be true",
        "estack": "AssertionError: expected false to be true\n    at Context.<anonymous> (/Users/matthewkeil/dev/ServeRx/.build/servers/Http.spec.js:13:97)",
        "diff": "- false\n+ true\n"
      },
      "isRoot": false,
      "uuid": "2157c037-679d-4ca2-8ffe-b090b3d2c2e2",
      "parentUUID": "d781cc66-b2af-4742-b579-545f789bc2d3",
      "isHook": false,
      "skipped": false
    },
    {
      "title": "should start listening on port 3000 by default",
      "fullTitle": "Http should start listening on port 3000 by default",
      "timedOut": false,
      "duration": 0,
      "state": "passed",
      "speed": "fast",
      "pass": true,
      "fail": false,
      "pending": false,
      "code": "chai_1.expect(http.server.address().port).to.equal(3000);",
      "err": {},
      "isRoot": false,
      "uuid": "38fd38e3-37be-40c3-943f-eef51e59cc47",
      "parentUUID": "d781cc66-b2af-4742-b579-545f789bc2d3",
      "isHook": false,
      "skipped": false
    }
  ],
  "allPending": [],
  "allPasses": [
    {
      "title": "should start listening on port 3000 by default",
      "fullTitle": "Http should start listening on port 3000 by default",
      "timedOut": false,
      "duration": 0,
      "state": "passed",
      "speed": "fast",
      "pass": true,
      "fail": false,
      "pending": false,
      "code": "chai_1.expect(http.server.address().port).to.equal(3000);",
      "err": {},
      "isRoot": false,
      "uuid": "38fd38e3-37be-40c3-943f-eef51e59cc47",
      "parentUUID": "d781cc66-b2af-4742-b579-545f789bc2d3",
      "isHook": false,
      "skipped": false
    }
  ],
  "allFailures": [
    {
      "title": "the default listening message should be \"Listening on localhost:3000...\"",
      "fullTitle": "Http the default listening message should be \"Listening on localhost:3000...\"",
      "timedOut": false,
      "duration": 3,
      "state": "failed",
      "pass": false,
      "fail": true,
      "pending": false,
      "code": "chai_1.expect(logSpy.calledOnce /*.calledWith('Listening on localhost:3000...')*/).to.be.true;",
      "err": {
        "message": "AssertionError: expected false to be true",
        "estack": "AssertionError: expected false to be true\n    at Context.<anonymous> (/Users/matthewkeil/dev/ServeRx/.build/servers/Http.spec.js:13:97)",
        "diff": "- false\n+ true\n"
      },
      "isRoot": false,
      "uuid": "2157c037-679d-4ca2-8ffe-b090b3d2c2e2",
      "parentUUID": "d781cc66-b2af-4742-b579-545f789bc2d3",
      "isHook": false,
      "skipped": false
    }
  ],
  "copyrightYear": 2017
}